solarsystem/app/build/intermediates/manifest_merge_blame_file/debug/manifest-merger-blame-debug-report.txt
1<?xml version="1.0" encoding="utf-8"?>
2<manifest xmlns:android="http://schemas.android.com/apk/res/android"
3    package="com.google.ar.sceneform.samples.solarsystem"
4    android:versionCode="1"
5    android:versionName="1.0" >
6
7    <uses-sdk
8        android:minSdkVersion="24"
8-->src\main\AndroidManifest.xml
9        android:targetSdkVersion="28" />
9-->src\main\AndroidManifest.xml
10
11    <uses-permission android:name="android.permission.CAMERA" />
11-->src\main\AndroidManifest.xml:6:5-65
11-->src\main\AndroidManifest.xml:6:22-62
12
13    <uses-feature
13-->src\main\AndroidManifest.xml:8:5-86
14        android:name="android.hardware.camera.ar"
14-->src\main\AndroidManifest.xml:8:19-60
15        android:required="true" />
15-->src\main\AndroidManifest.xml:8:61-84
16
17    <application
17-->src\main\AndroidManifest.xml:10:5-33:19
18        android:allowBackup="false"
18-->src\main\AndroidManifest.xml:11:9-36
19        android:appComponentFactory="android.support.v4.app.CoreComponentFactory"
19-->[com.android.support:support-compat:28.0.0] AndroidManifest.xml:22:18-91
20        android:debuggable="true"
21        android:extractNativeLibs="false"
22        android:icon="@drawable/ic_launcher"
22-->src\main\AndroidManifest.xml:12:9-45
23        android:label="@string/app_name"
23-->src\main\AndroidManifest.xml:13:9-41
24        android:largeHeap="true"
24-->src\main\AndroidManifest.xml:17:9-33
25        android:supportsRtl="true"
25-->src\main\AndroidManifest.xml:16:9-35
26        android:testOnly="true"
27        android:theme="@style/AppTheme"
27-->src\main\AndroidManifest.xml:14:9-40
28        android:usesCleartextTraffic="false" >
28-->src\main\AndroidManifest.xml:15:9-45
29        <meta-data
29-->src\main\AndroidManifest.xml:20:9-81
30            android:name="com.google.ar.core"
30-->src\main\AndroidManifest.xml:20:20-53
31            android:value="required" />
31-->src\main\AndroidManifest.xml:20:54-78
32
33        <activity
33-->src\main\AndroidManifest.xml:22:9-32:20
34            android:name="com.google.ar.sceneform.samples.solarsystem.SolarActivity"
34-->src\main\AndroidManifest.xml:23:13-42
35            android:configChanges="orientation|screenSize"
35-->src\main\AndroidManifest.xml:25:13-59
36            android:exported="true"
36-->src\main\AndroidManifest.xml:27:13-36
37            android:label="@string/app_name"
37-->src\main\AndroidManifest.xml:24:13-45
38            android:theme="@style/Theme.AppCompat.NoActionBar" >
38-->src\main\AndroidManifest.xml:26:13-63
39            <intent-filter>
39-->src\main\AndroidManifest.xml:28:13-31:29
40                <action android:name="android.intent.action.MAIN" />
40-->src\main\AndroidManifest.xml:29:17-69
40-->src\main\AndroidManifest.xml:29:25-66
41
42                <category android:name="android.intent.category.LAUNCHER" />
42-->src\main\AndroidManifest.xml:30:17-77
42-->src\main\AndroidManifest.xml:30:27-74
43            </intent-filter>
44        </activity>
45        <!-- The minimal version code of ARCore APK required for an app using this SDK. -->
46        <meta-data
46-->[com.google.ar:core:1.12.0] AndroidManifest.xml:33:9-35:41
47            android:name="com.google.ar.core.min_apk_version"
47-->[com.google.ar:core:1.12.0] AndroidManifest.xml:34:13-62
48            android:value="190805000" /> <!-- This activity is critical for installing ARCore when it is not already present. -->
48-->[com.google.ar:core:1.12.0] AndroidManifest.xml:35:13-38
49        <activity
49-->[com.google.ar:core:1.12.0] AndroidManifest.xml:37:9-43:80
50            android:name="com.google.ar.core.InstallActivity"
50-->[com.google.ar:core:1.12.0] AndroidManifest.xml:38:13-62
51            android:configChanges="keyboardHidden|orientation|screenSize"
51-->[com.google.ar:core:1.12.0] AndroidManifest.xml:39:13-74
52            android:excludeFromRecents="true"
52-->[com.google.ar:core:1.12.0] AndroidManifest.xml:40:13-46
53            android:exported="false"
53-->[com.google.ar:core:1.12.0] AndroidManifest.xml:41:13-37
54            android:launchMode="singleTop"
54-->[com.google.ar:core:1.12.0] AndroidManifest.xml:42:13-43
55            android:theme="@android:style/Theme.Material.Light.Dialog.Alert" />
55-->[com.google.ar:core:1.12.0] AndroidManifest.xml:43:13-77
56    </application>
57
58</manifest>